000 (7208286.001.000) 11/02 11:00:18 Job submitted from host: <188.185.72.155:9618?addrs=188.185.72.155-9618+[2001-1458-d00-8--100-95]-9618&alias=bigbird08.cern.ch&noUDP&sock=schedd_1974_940a_118>
...
040 (7208286.001.000) 11/02 11:02:15 Started transferring input files
	Transferring to host: <188.184.192.25:9618?addrs=188.184.192.25-9618+[2001-1458-301-83--100-27]-9618&noUDP&sock=31150_be2c_79746>
...
040 (7208286.001.000) 11/02 11:02:15 Finished transferring input files
...
001 (7208286.001.000) 11/02 11:02:16 Job executing on host: <188.184.192.25:9618?addrs=188.184.192.25-9618+[2001-1458-301-83--100-27]-9618&noUDP&sock=2264_7e81_3>
...
006 (7208286.001.000) 11/02 11:02:18 Image size of job updated: 1
	0  -  MemoryUsage of job (MB)
	0  -  ResidentSetSize of job (KB)
...
040 (7208286.001.000) 11/02 11:02:18 Started transferring output files
...
040 (7208286.001.000) 11/02 11:02:18 Finished transferring output files
...
005 (7208286.001.000) 11/02 11:02:18 Job terminated.
	(1) Normal termination (return value 0)
		Usr 0 00:00:01, Sys 0 00:00:00  -  Run Remote Usage
		Usr 0 00:00:00, Sys 0 00:00:00  -  Run Local Usage
		Usr 0 00:00:01, Sys 0 00:00:00  -  Total Remote Usage
		Usr 0 00:00:00, Sys 0 00:00:00  -  Total Local Usage
	335  -  Run Bytes Sent By Job
	25978  -  Run Bytes Received By Job
	335  -  Total Bytes Sent By Job
	25978  -  Total Bytes Received By Job
	Partitionable Resources :    Usage  Request Allocated 
	   Cpus                 :        0        1         1 
	   Disk (KB)            :       60       17    188971 
	   Memory (MB)          :        0     2000      2000 
...
